<?xml version="1.0" encoding="UTF-8"?>
<testng-results ignored="0" total="3" passed="2" failed="1" skipped="0">
  <reporter-output>
  </reporter-output>
  <suite started-at="2021-11-12T04:48:38Z" name="Default suite" finished-at="2021-11-12T04:49:02Z" duration-ms="24089">
    <groups>
    </groups>
    <test started-at="2021-11-12T04:48:38Z" name="Default test" finished-at="2021-11-12T04:49:02Z" duration-ms="24089">
      <class name="com.flipkart.qa.testcases.LoginPageTest">
        <test-method is-config="true" signature="setup()[pri:0, instance:com.flipkart.qa.testcases.LoginPageTest@2141a12]" started-at="2021-11-12T10:18:38Z" name="setup" finished-at="2021-11-12T10:18:46Z" duration-ms="8540" status="PASS">
          <reporter-output>
          </reporter-output>
        </test-method> <!-- setup -->
        <test-method signature="LoginPageLogo()[pri:0, instance:com.flipkart.qa.testcases.LoginPageTest@2141a12]" started-at="2021-11-12T10:18:46Z" name="LoginPageLogo" finished-at="2021-11-12T10:18:46Z" duration-ms="97" status="PASS">
          <reporter-output>
          </reporter-output>
        </test-method> <!-- LoginPageLogo -->
        <test-method is-config="true" signature="teardown()[pri:0, instance:com.flipkart.qa.testcases.LoginPageTest@2141a12]" started-at="2021-11-12T10:18:46Z" name="teardown" finished-at="2021-11-12T10:18:47Z" duration-ms="173" status="PASS">
          <reporter-output>
          </reporter-output>
        </test-method> <!-- teardown -->
        <test-method is-config="true" signature="setup()[pri:0, instance:com.flipkart.qa.testcases.LoginPageTest@2141a12]" started-at="2021-11-12T10:18:47Z" name="setup" finished-at="2021-11-12T10:18:53Z" duration-ms="6066" status="PASS">
          <reporter-output>
          </reporter-output>
        </test-method> <!-- setup -->
        <test-method signature="LoginPageTitletest()[pri:0, instance:com.flipkart.qa.testcases.LoginPageTest@2141a12]" started-at="2021-11-12T10:18:53Z" name="LoginPageTitletest" finished-at="2021-11-12T10:18:53Z" duration-ms="8" status="PASS">
          <reporter-output>
          </reporter-output>
        </test-method> <!-- LoginPageTitletest -->
        <test-method is-config="true" signature="teardown()[pri:0, instance:com.flipkart.qa.testcases.LoginPageTest@2141a12]" started-at="2021-11-12T10:18:53Z" name="teardown" finished-at="2021-11-12T10:18:53Z" duration-ms="188" status="PASS">
          <reporter-output>
          </reporter-output>
        </test-method> <!-- teardown -->
        <test-method is-config="true" signature="setup()[pri:0, instance:com.flipkart.qa.testcases.LoginPageTest@2141a12]" started-at="2021-11-12T10:18:53Z" name="setup" finished-at="2021-11-12T10:19:01Z" duration-ms="8386" status="PASS">
          <reporter-output>
          </reporter-output>
        </test-method> <!-- setup -->
        <test-method signature="LoginTest()[pri:0, instance:com.flipkart.qa.testcases.LoginPageTest@2141a12]" started-at="2021-11-12T10:19:01Z" name="LoginTest" finished-at="2021-11-12T10:19:02Z" duration-ms="439" status="FAIL">
          <exception class="java.lang.NoSuchMethodError">
            <message>
              <![CDATA['void org.apache.xmlbeans.XmlOptions.put(java.lang.Object)']]>
            </message>
            <full-stacktrace>
              <![CDATA[java.lang.NoSuchMethodError: 'void org.apache.xmlbeans.XmlOptions.put(java.lang.Object)'
	at org.apache.poi.xssf.model.SharedStringsTable.<clinit>(SharedStringsTable.java:88)
	at java.base/jdk.internal.reflect.NativeConstructorAccessorImpl.newInstance0(Native Method)
	at java.base/jdk.internal.reflect.NativeConstructorAccessorImpl.newInstance(NativeConstructorAccessorImpl.java:77)
	at java.base/jdk.internal.reflect.DelegatingConstructorAccessorImpl.newInstance(DelegatingConstructorAccessorImpl.java:45)
	at java.base/java.lang.reflect.Constructor.newInstanceWithCaller(Constructor.java:499)
	at java.base/java.lang.reflect.Constructor.newInstance(Constructor.java:480)
	at org.apache.poi.xssf.usermodel.XSSFFactory.createDocumentPart(XSSFFactory.java:60)
	at org.apache.poi.POIXMLDocumentPart.read(POIXMLDocumentPart.java:403)
	at org.apache.poi.POIXMLDocument.load(POIXMLDocument.java:155)
	at org.apache.poi.xssf.usermodel.XSSFWorkbook.<init>(XSSFWorkbook.java:207)
	at com.flipkart.qa.util.TestUtil.getFlipkartTestData(TestUtil.java:59)
	at com.flipkart.qa.pages.LoginPage.login(LoginPage.java:48)
	at com.flipkart.qa.testcases.LoginPageTest.LoginTest(LoginPageTest.java:49)
	at java.base/jdk.internal.reflect.NativeMethodAccessorImpl.invoke0(Native Method)
	at java.base/jdk.internal.reflect.NativeMethodAccessorImpl.invoke(NativeMethodAccessorImpl.java:77)
	at java.base/jdk.internal.reflect.DelegatingMethodAccessorImpl.invoke(DelegatingMethodAccessorImpl.java:43)
	at java.base/java.lang.reflect.Method.invoke(Method.java:568)
	at org.testng.internal.MethodInvocationHelper.invokeMethod(MethodInvocationHelper.java:108)
	at org.testng.internal.Invoker.invokeMethod(Invoker.java:661)
	at org.testng.internal.Invoker.invokeTestMethod(Invoker.java:869)
	at org.testng.internal.Invoker.invokeTestMethods(Invoker.java:1193)
	at org.testng.internal.TestMethodWorker.invokeTestMethods(TestMethodWorker.java:126)
	at org.testng.internal.TestMethodWorker.run(TestMethodWorker.java:109)
	at org.testng.TestRunner.privateRun(TestRunner.java:744)
	at org.testng.TestRunner.run(TestRunner.java:602)
	at org.testng.SuiteRunner.runTest(SuiteRunner.java:380)
	at org.testng.SuiteRunner.runSequentially(SuiteRunner.java:375)
	at org.testng.SuiteRunner.privateRun(SuiteRunner.java:340)
	at org.testng.SuiteRunner.run(SuiteRunner.java:289)
	at org.testng.SuiteRunnerWorker.runSuite(SuiteRunnerWorker.java:52)
	at org.testng.SuiteRunnerWorker.run(SuiteRunnerWorker.java:86)
	at org.testng.TestNG.runSuitesSequentially(TestNG.java:1301)
	at org.testng.TestNG.runSuitesLocally(TestNG.java:1226)
	at org.testng.TestNG.runSuites(TestNG.java:1144)
	at org.testng.TestNG.run(TestNG.java:1115)
	at org.testng.remote.AbstractRemoteTestNG.run(AbstractRemoteTestNG.java:115)
	at org.testng.remote.RemoteTestNG.initAndRun(RemoteTestNG.java:251)
	at org.testng.remote.RemoteTestNG.main(RemoteTestNG.java:77)
]]>
            </full-stacktrace>
          </exception> <!-- java.lang.NoSuchMethodError -->
          <reporter-output>
          </reporter-output>
        </test-method> <!-- LoginTest -->
        <test-method is-config="true" signature="teardown()[pri:0, instance:com.flipkart.qa.testcases.LoginPageTest@2141a12]" started-at="2021-11-12T10:19:02Z" name="teardown" finished-at="2021-11-12T10:19:02Z" duration-ms="165" status="PASS">
          <reporter-output>
          </reporter-output>
        </test-method> <!-- teardown -->
      </class> <!-- com.flipkart.qa.testcases.LoginPageTest -->
    </test> <!-- Default test -->
  </suite> <!-- Default suite -->
</testng-results>
